#
# There is insufficient memory for the Java Runtime Environment to continue.
# Native memory allocation (mmap) failed to map 536870912 bytes. Error detail: G1 virtual space
# Possible reasons:
#   The system is out of physical RAM or swap space
#   This process is running with CompressedOops enabled, and the Java Heap may be blocking the growth of the native heap
# Possible solutions:
#   Reduce memory load on the system
#   Increase physical memory or swap space
#   Check if swap backing store is full
#   Decrease Java heap size (-Xmx/-Xms)
#   Decrease number of Java threads
#   Decrease Java thread stack sizes (-Xss)
#   Set larger code cache with -XX:ReservedCodeCacheSize=
#   JVM is running with Zero Based Compressed Oops mode in which the Java heap is
#     placed in the first 32GB address space. The Java Heap base address is the
#     maximum limit for the native heap growth. Please use -XX:HeapBaseMinAddress
#     to set the Java Heap base and to place the Java Heap above 32GB virtual address.
# This output file may be truncated or incomplete.
#
#  Out of Memory Error (os_windows.cpp:3825), pid=18580, tid=36472
#
# JRE version:  (17.0.11+1) (build )
# Java VM: OpenJDK 64-Bit Server VM (17.0.11+1-b1207.24, mixed mode, sharing, tiered, compressed oops, compressed class ptrs, g1 gc, windows-amd64)
# No core dump will be written. Minidumps are not enabled by default on client versions of Windows
#

---------------  S U M M A R Y ------------

Command Line: git4idea.http.GitAskPassApp Username for 'https://github.com': 

Host: Intel(R) Core(TM) i7-10750H CPU @ 2.60GHz, 12 cores, 31G,  Windows 11 , 64 bit Build 22621 (10.0.22621.3672)
Time: Sun Jul 28 05:18:25 2024 Türkiye Standart Saati elapsed time: 0.039827 seconds (0d 0h 0m 0s)

---------------  T H R E A D  ---------------

Current thread (0x000001bb7f36ece0):  JavaThread "Unknown thread" [_thread_in_vm, id=36472, stack(0x0000006f9ec00000,0x0000006f9ed00000)]

Stack: [0x0000006f9ec00000,0x0000006f9ed00000]
Native frames: (J=compiled Java code, j=interpreted, Vv=VM code, C=native code)
V  [jvm.dll+0x6877f9]
V  [jvm.dll+0x8411aa]
V  [jvm.dll+0x842e2e]
V  [jvm.dll+0x843493]
V  [jvm.dll+0x249fdf]
V  [jvm.dll+0x6845c9]
V  [jvm.dll+0x678e7a]
V  [jvm.dll+0x30ab4b]
V  [jvm.dll+0x311ff6]
V  [jvm.dll+0x361a5e]
V  [jvm.dll+0x361c8f]
V  [jvm.dll+0x2e0978]
V  [jvm.dll+0x2e18e4]
V  [jvm.dll+0x811c71]
V  [jvm.dll+0x36f7c8]
V  [jvm.dll+0x7f05f6]
V  [jvm.dll+0x3f398f]
V  [jvm.dll+0x3f5541]
C  [jli.dll+0x528f]
C  [ucrtbase.dll+0x29333]
C  [KERNEL32.DLL+0x1257d]
C  [ntdll.dll+0x5af28]


---------------  P R O C E S S  ---------------

Threads class SMR info:
_java_thread_list=0x00007ff9cf58efd8, length=0, elements={
}

Java Threads: ( => current thread )

Other Threads:
  0x000001bb7f41a140 GCTaskThread "GC Thread#0" [stack: 0x0000006f9ed00000,0x0000006f9ee00000] [id=37120]
  0x000001bb7f97d1b0 ConcurrentGCThread "G1 Main Marker" [stack: 0x0000006f9ee00000,0x0000006f9ef00000] [id=35920]
  0x000001bb7f97e9f0 ConcurrentGCThread "G1 Conc#0" [stack: 0x0000006f9ef00000,0x0000006f9f000000] [id=35456]

[error occurred during error reporting (printing all threads), id 0xc0000005, EXCEPTION_ACCESS_VIOLATION (0xc0000005) at pc=0x00007ff9ced41547]

VM state: not at safepoint (not fully initialized)

VM Mutex/Monitor currently owned by a thread:  ([mutex/lock_event])
[0x000001bb7f369650] Heap_lock - owner thread: 0x000001bb7f36ece0

Heap address: 0x0000000603400000, size: 8140 MB, Compressed Oops mode: Zero based, Oop shift amount: 3

CDS archive(s) mapped at: [0x0000000000000000-0x0000000000000000-0x0000000000000000), size 0, SharedBaseAddress: 0x0000000800000000, ArchiveRelocationMode: 1.
Narrow klass base: 0x0000000000000000, Narrow klass shift: 0, Narrow klass range: 0x0

GC Precious Log:
<Empty>

Heap:
 garbage-first heap   total 0K, used 0K [0x0000000603400000, 0x0000000800000000)
  region size 4096K, 0 young (0K), 0 survivors (0K)
 Metaspace       used 0K, committed 0K, reserved 0K
  class space    used 0K, committed 0K, reserved 0K

Heap Regions: E=young(eden), S=young(survivor), O=old, HS=humongous(starts), HC=humongous(continues), CS=collection set, F=free, OA=open archive, CA=closed archive, TAMS=top-at-mark-start (previous, next)

Card table byte_map: [0x000001bb136c0000,0x000001bb146b0000] _byte_map_base: 0x000001bb106a6000

Marking Bits (Prev, Next): (CMBitMap*) 0x000001bb7f41a760, (CMBitMap*) 0x000001bb7f41a7a0
 Prev Bits: [0x000001bb156a0000, 0x000001bb1d5d0000)
 Next Bits: [0x000001bb1d5d0000, 0x000001bb25500000)

GC Heap History (0 events):
No events

Dll operation events (1 events):
Event: 0.008 Loaded shared library C:\Users\yuzar\AppData\Local\Programs\IntelliJ IDEA Ultimate\jbr\bin\java.dll

Deoptimization events (0 events):
No events

Classes unloaded (0 events):
No events

Classes redefined (0 events):
No events

Internal exceptions (0 events):
No events

VM Operations (0 events):
No events

Events (0 events):
No events


Dynamic libraries:
0x00007ff77bc20000 - 0x00007ff77bc2a000 	C:\Users\yuzar\AppData\Local\Programs\IntelliJ IDEA Ultimate\jbr\bin\java.exe
0x00007ffa7bc50000 - 0x00007ffa7be67000 	C:\WINDOWS\SYSTEM32\ntdll.dll
0x00007ffa7b480000 - 0x00007ffa7b544000 	C:\WINDOWS\System32\KERNEL32.DLL
0x00007ffa79320000 - 0x00007ffa796cd000 	C:\WINDOWS\System32\KERNELBASE.dll
0x00007ffa79700000 - 0x00007ffa79811000 	C:\WINDOWS\System32\ucrtbase.dll
0x00007ffa4d020000 - 0x00007ffa4d037000 	C:\Users\yuzar\AppData\Local\Programs\IntelliJ IDEA Ultimate\jbr\bin\jli.dll
0x00007ffa266b0000 - 0x00007ffa266cb000 	C:\Users\yuzar\AppData\Local\Programs\IntelliJ IDEA Ultimate\jbr\bin\VCRUNTIME140.dll
0x00007ffa7a6f0000 - 0x00007ffa7a89e000 	C:\WINDOWS\System32\USER32.dll
0x00007ffa798e0000 - 0x00007ffa79906000 	C:\WINDOWS\System32\win32u.dll
0x00007ffa7b130000 - 0x00007ffa7b159000 	C:\WINDOWS\System32\GDI32.dll
0x00007ffa5eda0000 - 0x00007ffa5f033000 	C:\WINDOWS\WinSxS\amd64_microsoft.windows.common-controls_6595b64144ccf1df_6.0.22621.3672_none_2713b9d173822955\COMCTL32.dll
0x00007ffa78f80000 - 0x00007ffa79099000 	C:\WINDOWS\System32\gdi32full.dll
0x00007ffa7b7c0000 - 0x00007ffa7b867000 	C:\WINDOWS\System32\msvcrt.dll
0x00007ffa790a0000 - 0x00007ffa7913a000 	C:\WINDOWS\System32\msvcp_win.dll
0x00007ffa7b060000 - 0x00007ffa7b091000 	C:\WINDOWS\System32\IMM32.DLL
0x00007ffa59940000 - 0x00007ffa5994c000 	C:\Users\yuzar\AppData\Local\Programs\IntelliJ IDEA Ultimate\jbr\bin\vcruntime140_1.dll
0x00007ffa09c70000 - 0x00007ffa09cfd000 	C:\Users\yuzar\AppData\Local\Programs\IntelliJ IDEA Ultimate\jbr\bin\msvcp140.dll
0x00007ff9cea50000 - 0x00007ff9cf6d3000 	C:\Users\yuzar\AppData\Local\Programs\IntelliJ IDEA Ultimate\jbr\bin\server\jvm.dll
0x00007ffa7ab70000 - 0x00007ffa7ac22000 	C:\WINDOWS\System32\ADVAPI32.dll
0x00007ffa7aa30000 - 0x00007ffa7aad9000 	C:\WINDOWS\System32\sechost.dll
0x00007ffa796d0000 - 0x00007ffa796f8000 	C:\WINDOWS\System32\bcrypt.dll
0x00007ffa7b360000 - 0x00007ffa7b474000 	C:\WINDOWS\System32\RPCRT4.dll
0x00007ffa52d30000 - 0x00007ffa52d39000 	C:\WINDOWS\SYSTEM32\WSOCK32.dll
0x00007ffa78880000 - 0x00007ffa788cd000 	C:\WINDOWS\SYSTEM32\POWRPROF.dll
0x00007ffa681f0000 - 0x00007ffa681fa000 	C:\WINDOWS\SYSTEM32\VERSION.dll
0x00007ffa5ed40000 - 0x00007ffa5ed74000 	C:\WINDOWS\SYSTEM32\WINMM.dll
0x00007ffa7aae0000 - 0x00007ffa7ab51000 	C:\WINDOWS\System32\WS2_32.dll
0x00007ffa78860000 - 0x00007ffa78873000 	C:\WINDOWS\SYSTEM32\UMPDC.dll
0x00007ffa77f70000 - 0x00007ffa77f88000 	C:\WINDOWS\SYSTEM32\kernel.appcore.dll
0x00007ffa53590000 - 0x00007ffa5359a000 	C:\Users\yuzar\AppData\Local\Programs\IntelliJ IDEA Ultimate\jbr\bin\jimage.dll
0x00007ffa75e70000 - 0x00007ffa760a2000 	C:\WINDOWS\SYSTEM32\DBGHELP.DLL
0x00007ffa7b880000 - 0x00007ffa7bc08000 	C:\WINDOWS\System32\combase.dll
0x00007ffa7a920000 - 0x00007ffa7a9f7000 	C:\WINDOWS\System32\OLEAUT32.dll
0x00007ffa681b0000 - 0x00007ffa681e2000 	C:\WINDOWS\SYSTEM32\dbgcore.DLL
0x00007ffa79910000 - 0x00007ffa7998b000 	C:\WINDOWS\System32\bcryptPrimitives.dll
0x00007ffa4fab0000 - 0x00007ffa4fad5000 	C:\Users\yuzar\AppData\Local\Programs\IntelliJ IDEA Ultimate\jbr\bin\java.dll

dbghelp: loaded successfully - version: 4.0.5 - missing functions: none
symbol engine: initialized successfully - sym options: 0x614 - pdb path: .;C:\Users\yuzar\AppData\Local\Programs\IntelliJ IDEA Ultimate\jbr\bin;C:\WINDOWS\SYSTEM32;C:\WINDOWS\WinSxS\amd64_microsoft.windows.common-controls_6595b64144ccf1df_6.0.22621.3672_none_2713b9d173822955;C:\Users\yuzar\AppData\Local\Programs\IntelliJ IDEA Ultimate\jbr\bin\server

VM Arguments:
java_command: git4idea.http.GitAskPassApp Username for 'https://github.com': 
java_class_path (initial): C:/Users/yuzar/AppData/Local/Programs/IntelliJ IDEA Ultimate/plugins/vcs-git/lib/git4idea-rt.jar;C:/Users/yuzar/AppData/Local/Programs/IntelliJ IDEA Ultimate/lib/externalProcess-rt.jar
Launcher Type: SUN_STANDARD

[Global flags]
     intx CICompilerCount                          = 4                                         {product} {ergonomic}
     uint ConcGCThreads                            = 3                                         {product} {ergonomic}
     uint G1ConcRefinementThreads                  = 10                                        {product} {ergonomic}
   size_t G1HeapRegionSize                         = 4194304                                   {product} {ergonomic}
    uintx GCDrainStackTargetSize                   = 64                                        {product} {ergonomic}
   size_t InitialHeapSize                          = 536870912                                 {product} {ergonomic}
   size_t MarkStackSize                            = 4194304                                   {product} {ergonomic}
   size_t MaxHeapSize                              = 8535408640                                {product} {ergonomic}
   size_t MinHeapDeltaBytes                        = 4194304                                   {product} {ergonomic}
   size_t MinHeapSize                              = 8388608                                   {product} {ergonomic}
    uintx NonNMethodCodeHeapSize                   = 5839372                                {pd product} {ergonomic}
    uintx NonProfiledCodeHeapSize                  = 122909434                              {pd product} {ergonomic}
    uintx ProfiledCodeHeapSize                     = 122909434                              {pd product} {ergonomic}
    uintx ReservedCodeCacheSize                    = 251658240                              {pd product} {ergonomic}
     bool SegmentedCodeCache                       = true                                      {product} {ergonomic}
   size_t SoftMaxHeapSize                          = 8535408640                             {manageable} {ergonomic}
     bool UseCompressedClassPointers               = true                           {product lp64_product} {ergonomic}
     bool UseCompressedOops                        = true                           {product lp64_product} {ergonomic}
     bool UseG1GC                                  = true                                      {product} {ergonomic}
     bool UseLargePagesIndividualAllocation        = false                                  {pd product} {ergonomic}

Logging:
Log output configuration:
 #0: stdout all=warning uptime,level,tags
 #1: stderr all=off uptime,level,tags

Environment Variables:
JAVA_HOME=C:\Program Files\Java\jdk-21
PATH=C:\Program Files\Git\mingw64\libexec\git-core;C:\Program Files\Git\mingw64\libexec\git-core;C:\Program Files\Git\mingw64\bin;C:\Program Files\Git\usr\bin;C:\Users\yuzar\bin;C:\Program Files\Python311\Scripts;C:\Program Files\Python311;C:\Program Files\Common Files\Oracle\Java\javapath;C:\WINDOWS\system32;C:\WINDOWS;C:\WINDOWS\System32\Wbem;C:\WINDOWS\System32\WindowsPowerShell\v1.0;C:\WINDOWS\System32\OpenSSH;C:\Program Files\Java\jdk-20\bin;C:\Program Files\Git\cmd;C:\Program Files\NVIDIA Corporation\NVIDIA NvDLISR;C:\Program Files\apache-maven-3.9.3\bin;C:\Program Files\Microsoft SQL Server\Client SDK\ODBC\170\Tools\Binn;C:\Program Files (x86)\Microsoft SQL Server\150\Tools\Binn;C:\Program Files\Microsoft SQL Server\150\Tools\Binn;C:\Program Files\Microsoft SQL Server\150\DTS\Binn;C:\Program Files (x86)\Microsoft SQL Server\160\DTS\Binn;C:\Program Files\Azure Data Studio\bin;C:\Program Files\MySQL\MySQL Server 8.0\bin;C:\Program Files\Docker\Docker\resources\bin;C:\Program Files\GitHub CLI;C:\minikube;C:\ProgramData\chocolatey\bin;C:\Program Files (x86)\NVIDIA Corporation\PhysX\Common;C:\Program Files\nodejs;C:\Users\yuzar\scoop\shims;C:\Program Files\MySQL\MySQL Shell 8.0\bin;C:\Users\yuzar\AppData\Local\Microsoft\WindowsApps;C:\Program Files\JetBrains\IntelliJ IDEA 2023.1.2\bin;C:\Users\yuzar\AppData\Local\Programs\Microsoft VS Code\bin;C:\Users\yuzar\AppData\Local\JetBrains\Toolbox\scripts;C:\Users\yuzar\AppData\Local\Google\Cloud SDK\google-cloud-sdk\bin;C:\Users\yuzar\AppData\Local\Programs\oh-my-posh\bin;C:\Users\yuzar\AppData\Local\Microsoft\WinGet\Links;C:\Program Files\JetBrains\CLion 2023.3.4\bin;C:\MinGW\bin;C:\Users\yuzar\AppData\Roaming\npm;C:\Users\yuzar\AppData\Local\GitHubDesktop\bin
USERNAME=yuzar
DISPLAY=:0.0
LC_ALL=en_US.UTF-8
TERM=xterm-256color
TMPDIR=C:\Users\yuzar\AppData\Local\Temp
OS=Windows_NT
PROCESSOR_IDENTIFIER=Intel64 Family 6 Model 165 Stepping 2, GenuineIntel
TMP=C:\Users\yuzar\AppData\Local\Temp
TEMP=C:\Users\yuzar\AppData\Local\Temp



Periodic native trim disabled

JNI global refs:
JNI global refs: 0, weak refs: 0

JNI global refs memory usage: 0, weak refs: 0

Process memory usage:
Resident Set Size: 11912K (0% of 33334688K total physical memory with 11275520K free physical memory)

OOME stack traces (most recent first):
Classloader memory used:


---------------  S Y S T E M  ---------------

OS:
 Windows 11 , 64 bit Build 22621 (10.0.22621.3672)
OS uptime: 4 days 19:51 hours
Hyper-V role detected

CPU: total 12 (initial active 12) (6 cores per cpu, 2 threads per core) family 6 model 165 stepping 2 microcode 0xe0, cx8, cmov, fxsr, ht, mmx, 3dnowpref, sse, sse2, sse3, ssse3, sse4.1, sse4.2, popcnt, lzcnt, tsc, tscinvbit, avx, avx2, aes, erms, clmul, bmi1, bmi2, adx, fma, vzeroupper, clflush, clflushopt, hv
Processor Information for all 12 processors :
  Max Mhz: 2592, Current Mhz: 2592, Mhz Limit: 2592

Memory: 4k page, system-wide physical 32553M (11011M free)
TotalPageFile size 37584M (AvailPageFile size 233M)
current process WorkingSet (physical memory assigned to process): 11M, peak: 11M
current process commit charge ("private bytes"): 64M, peak: 576M

vm_info: OpenJDK 64-Bit Server VM (17.0.11+1-b1207.24) for windows-amd64 JRE (17.0.11+1-b1207.24), built on 2024-05-15 by "builduser" with MS VC++ 16.10 / 16.11 (VS2019)

END.
